androidobject/app/build/intermediates/manifest_merge_blame_file/debug/manifest-merger-blame-debug-report.txt
1<?xml version="1.0" encoding="utf-8"?>
2<!--
3    ~ Copyright 2022 The TensorFlow Authors. All Rights Reserved.
4    ~
5    ~ Licensed under the Apache License, Version 2.0 (the "License");
6    ~ you may not use this file except in compliance with the License.
7    ~ You may obtain a copy of the License at
8    ~
9    ~       http://www.apache.org/licenses/LICENSE-2.0
10    ~
11    ~ Unless required by applicable law or agreed to in writing, software
12    ~ distributed under the License is distributed on an "AS IS" BASIS,
13    ~ WITHOUT WARRANTIES OR CONDITIONS OF ANY KIND, either express or implied.
14    ~ See the License for the specific language governing permissions and
15    ~ limitations under the License.
16-->
17<manifest xmlns:android="http://schemas.android.com/apk/res/android"
18    xmlns:dist="http://schemas.android.com/apk/distribution"
19    package="org.tensorflow.lite.examples.objectdetection"
20    android:versionCode="1"
21    android:versionName="1.0.0" >
22
23    <uses-sdk
24        android:minSdkVersion="21"
24-->src\main\AndroidManifest.xml
25        android:targetSdkVersion="32" />
25-->src\main\AndroidManifest.xml
26
27    <!-- Enable instant app support -->
28    <dist:module dist:instant="true" />
28-->src\main\AndroidManifest.xml:24:5-40
28-->src\main\AndroidManifest.xml:24:18-37
29
30    <!-- Declare features -->
31    <uses-feature android:name="android.hardware.camera" />
31-->src\main\AndroidManifest.xml:27:5-60
31-->src\main\AndroidManifest.xml:27:19-57
32
33    <uses-permission android:name="android.permission.CAMERA" />
33-->src\main\AndroidManifest.xml:30:5-65
33-->src\main\AndroidManifest.xml:30:22-62
34    <uses-permission android:name="android.permission.INTERNET" />
34-->src\main\AndroidManifest.xml:31:5-67
34-->src\main\AndroidManifest.xml:31:22-64
35    <uses-permission android:name="android.permission.WRITE_EXTERNAL_STORAGE" />
36    <uses-permission android:name="android.permission.READ_PHONE_STATE" />
37    <uses-permission android:name="android.permission.READ_EXTERNAL_STORAGE" />
38
39    <application
39-->src\main\AndroidManifest.xml:33:5-84:19
40        android:allowBackup="true"
40-->src\main\AndroidManifest.xml:34:9-35
41        android:appComponentFactory="androidx.core.app.CoreComponentFactory"
41-->[androidx.core:core:1.6.0] AndroidManifest.xml:24:18-86
42        android:debuggable="true"
43        android:icon="@mipmap/ic_launcher"
43-->src\main\AndroidManifest.xml:35:9-43
44        android:label="@string/app_name"
44-->src\main\AndroidManifest.xml:36:9-41
45        android:roundIcon="@mipmap/ic_launcher_round"
45-->src\main\AndroidManifest.xml:37:9-54
46        android:supportsRtl="true"
46-->src\main\AndroidManifest.xml:38:9-35
47        android:taskAffinity=""
47-->src\main\AndroidManifest.xml:39:9-32
48        android:testOnly="true"
49        android:usesCleartextTraffic="true" >
49-->src\main\AndroidManifest.xml:40:9-44
50        <activity
50-->src\main\AndroidManifest.xml:43:9-46:47
51            android:name="org.tensorflow.lite.examples.objectdetection.HomeActivity"
51-->src\main\AndroidManifest.xml:44:13-41
52            android:exported="true"
52-->src\main\AndroidManifest.xml:45:13-36
53            android:theme="@style/AppTheme" />
53-->src\main\AndroidManifest.xml:46:13-44
54        <activity
54-->src\main\AndroidManifest.xml:47:9-50:47
55            android:name="org.tensorflow.lite.examples.objectdetection.RegistroActivity"
55-->src\main\AndroidManifest.xml:48:13-45
56            android:exported="true"
56-->src\main\AndroidManifest.xml:49:13-36
57            android:theme="@style/AppTheme" />
57-->src\main\AndroidManifest.xml:50:13-44
58        <activity
58-->src\main\AndroidManifest.xml:51:9-54:47
59            android:name="org.tensorflow.lite.examples.objectdetection.LoginActivity"
59-->src\main\AndroidManifest.xml:52:13-42
60            android:exported="true"
60-->src\main\AndroidManifest.xml:53:13-36
61            android:theme="@style/AppTheme" />
61-->src\main\AndroidManifest.xml:54:13-44
62        <activity
62-->src\main\AndroidManifest.xml:55:9-65:20
63            android:name="org.tensorflow.lite.examples.objectdetection.InicioActivity"
63-->src\main\AndroidManifest.xml:56:13-43
64            android:exported="true"
64-->src\main\AndroidManifest.xml:57:13-36
65            android:theme="@style/AppTheme" >
65-->src\main\AndroidManifest.xml:58:13-44
66
67            <!-- Main app intent filter -->
68            <intent-filter>
68-->src\main\AndroidManifest.xml:61:13-64:29
69                <action android:name="android.intent.action.MAIN" />
69-->src\main\AndroidManifest.xml:62:17-69
69-->src\main\AndroidManifest.xml:62:25-66
70
71                <category android:name="android.intent.category.LAUNCHER" />
71-->src\main\AndroidManifest.xml:63:17-77
71-->src\main\AndroidManifest.xml:63:27-74
72            </intent-filter>
73        </activity>
74        <activity
74-->src\main\AndroidManifest.xml:67:9-82:20
75            android:name="org.tensorflow.lite.examples.objectdetection.MainActivity"
75-->src\main\AndroidManifest.xml:68:13-41
76            android:clearTaskOnLaunch="true"
76-->src\main\AndroidManifest.xml:69:13-45
77            android:configChanges="orientation|screenLayout|screenSize|smallestScreenSize"
77-->src\main\AndroidManifest.xml:75:13-91
78            android:exported="true"
78-->src\main\AndroidManifest.xml:71:13-36
79            android:icon="@mipmap/ic_launcher"
79-->src\main\AndroidManifest.xml:72:13-47
80            android:resizeableActivity="true"
80-->src\main\AndroidManifest.xml:74:13-46
81            android:rotationAnimation="seamless"
81-->src\main\AndroidManifest.xml:73:13-49
82            android:theme="@style/AppTheme" >
82-->src\main\AndroidManifest.xml:70:13-44
83
84            <!-- Declare notch support -->
85            <meta-data
85-->src\main\AndroidManifest.xml:80:13-83
86                android:name="android.notch_support"
86-->src\main\AndroidManifest.xml:80:24-60
87                android:value="true" />
87-->src\main\AndroidManifest.xml:80:61-81
88        </activity>
89
90        <uses-library
90-->[androidx.window:window:1.0.0-alpha09] AndroidManifest.xml:25:9-27:40
91            android:name="androidx.window.extensions"
91-->[androidx.window:window:1.0.0-alpha09] AndroidManifest.xml:26:13-54
92            android:required="false" />
92-->[androidx.window:window:1.0.0-alpha09] AndroidManifest.xml:27:13-37
93        <uses-library
93-->[androidx.window:window:1.0.0-alpha09] AndroidManifest.xml:28:9-30:40
94            android:name="androidx.window.sidecar"
94-->[androidx.window:window:1.0.0-alpha09] AndroidManifest.xml:29:13-51
95            android:required="false" />
95-->[androidx.window:window:1.0.0-alpha09] AndroidManifest.xml:30:13-37
96
97        <service
97-->[androidx.camera:camera-camera2:1.1.0-beta03] AndroidManifest.xml:26:9-35:19
98            android:name="androidx.camera.core.impl.MetadataHolderService"
98-->[androidx.camera:camera-camera2:1.1.0-beta03] AndroidManifest.xml:27:13-75
99            android:enabled="false"
99-->[androidx.camera:camera-camera2:1.1.0-beta03] AndroidManifest.xml:28:13-36
100            android:exported="false" >
100-->[androidx.camera:camera-camera2:1.1.0-beta03] AndroidManifest.xml:29:13-37
101            <meta-data
101-->[androidx.camera:camera-camera2:1.1.0-beta03] AndroidManifest.xml:32:13-34:89
102                android:name="androidx.camera.core.impl.MetadataHolderService.DEFAULT_CONFIG_PROVIDER"
102-->[androidx.camera:camera-camera2:1.1.0-beta03] AndroidManifest.xml:33:17-103
103                android:value="androidx.camera.camera2.Camera2Config$DefaultProvider" />
103-->[androidx.camera:camera-camera2:1.1.0-beta03] AndroidManifest.xml:34:17-86
104        </service>
105
106        <provider
106-->[androidx.lifecycle:lifecycle-process:2.2.0] AndroidManifest.xml:25:9-29:43
107            android:name="androidx.lifecycle.ProcessLifecycleOwnerInitializer"
107-->[androidx.lifecycle:lifecycle-process:2.2.0] AndroidManifest.xml:26:13-79
108            android:authorities="org.tensorflow.lite.examples.objectdetection.lifecycle-process"
108-->[androidx.lifecycle:lifecycle-process:2.2.0] AndroidManifest.xml:27:13-69
109            android:exported="false"
109-->[androidx.lifecycle:lifecycle-process:2.2.0] AndroidManifest.xml:28:13-37
110            android:multiprocess="true" />
110-->[androidx.lifecycle:lifecycle-process:2.2.0] AndroidManifest.xml:29:13-40
111    </application>
112
113</manifest>